Log file open, 07/30/16 17:44:09
LogInit:Display: Running engine for game: Project00
LogPlatformFile: Not using cached read wrapper
LogInit:Display: RandInit(-98091041) SRandInit(-98091040).
LogTaskGraph: Started task graph with 4 named threads and 7 total threads.
LogStats: Stats thread started at 0.065752
LogInit: Version: 4.11.2-2946394+++UE4+Release-4.11
LogInit: API Version: 2927265
LogInit: Compiled (64-bit): Apr 18 2016 02:18:46
LogInit: Compiled with Visual C++: 19.00.23026.00
LogInit: Build Configuration: Development
LogInit: Branch Name: ++UE4+Release-4.11
LogInit: Command line: -EpicPortal 
LogInit: Base directory: C:/Program Files (x86)/Epic Games/4.11/Engine/Binaries/Win64/
LogInit: Installed Engine Build: 1
LogInit: Using libcurl 7.41.0
LogInit:  - built for x86_64-pc-win32
LogInit:  - supports SSL with WinSSL
LogInit:  - other features:
LogInit:      CURL_VERSION_SSL
LogInit:      CURL_VERSION_IPV6
LogInit:      CURL_VERSION_ASYNCHDNS
LogInit:      CURL_VERSION_LARGEFILE
LogInit:      CURL_VERSION_IDN
LogInit:  CurlRequestOptions (configurable via config and command line):
LogInit:  - bVerifyPeer = true  - Libcurl will verify peer certificate
LogInit:  - bUseHttpProxy = false  - Libcurl will NOT use HTTP proxy
LogInit:  - bDontReuseConnections = false  - Libcurl will reuse connections
LogInit:  - CertBundlePath = nullptr  - Libcurl will use whatever was configured at build time.
LogInit: Presizing for max 16777216 objects, including 0 objects not considered by GC, pre-allocating 0 bytes for permanent pool.
LogInit: Object subsystem initialized
[2016.07.31-00.44.09:823][  0]LogInit: Selected Device Profile: [Windows]
[2016.07.31-00.44.09:823][  0]LogInit: Applying CVar settings loaded from the selected device profile: [Windows]
[2016.07.31-00.44.09:829][  0]LogInit: Computer: NATE-DESKTOP
[2016.07.31-00.44.09:829][  0]LogInit: User: Nate
[2016.07.31-00.44.09:829][  0]LogInit: CPU Page size=65536, Cores=4
[2016.07.31-00.44.09:829][  0]LogInit: High frequency timer resolution =3.328129 MHz
[2016.07.31-00.44.09:829][  0]LogMemory: Memory total: Physical=15.9GB (16GB approx)
[2016.07.31-00.44.09:829][  0]LogMemory: Platform Memory Stats for Windows
[2016.07.31-00.44.09:829][  0]LogMemory: Process Physical Memory: 312.28 MB used, 312.28 MB peak
[2016.07.31-00.44.09:829][  0]LogMemory: Process Virtual Memory: 314.96 MB used, 314.96 MB peak
[2016.07.31-00.44.09:829][  0]LogMemory: Physical Memory: 4950.37 MB used, 16319.54 MB total
[2016.07.31-00.44.09:829][  0]LogMemory: Virtual Memory: 653.51 MB used, 134217728.00 MB total
[2016.07.31-00.44.09:855][  0]LogTextLocalizationManager: No specific translations for ('en-US') exist, so ('en') translations will be used.
[2016.07.31-00.44.10:188][  0]LogD3D11RHI: D3D11 adapters:
[2016.07.31-00.44.10:218][  0]LogD3D11RHI:    0. 'NVIDIA GeForce GTX 980 Ti' (Feature Level 11_0)
[2016.07.31-00.44.10:218][  0]LogD3D11RHI:       6048MB of dedicated video memory, 0MB of dedicated system memory, and 8159MB of shared system memory, 1 output[s]
[2016.07.31-00.44.10:219][  0]LogD3D11RHI:    1. 'Microsoft Basic Render Driver' (Feature Level 11_0)
[2016.07.31-00.44.10:219][  0]LogD3D11RHI:       0MB of dedicated video memory, 0MB of dedicated system memory, and 8159MB of shared system memory, 0 output[s]
[2016.07.31-00.44.10:219][  0]LogD3D11RHI: Chosen D3D11 Adapter: 0
[2016.07.31-00.44.10:222][  0]LogD3D11RHI: Creating new Direct3DDevice
[2016.07.31-00.44.10:222][  0]LogD3D11RHI:     Adapter Name: NVIDIA GeForce GTX 980 Ti
[2016.07.31-00.44.10:222][  0]LogD3D11RHI:   Driver Version: 10.18.13.5887 (internal 10.18.13.5887)
[2016.07.31-00.44.10:222][  0]LogD3D11RHI:      Driver Date: 11-2-2015
[2016.07.31-00.44.10:222][  0]LogRHI: Texture pool is 1361 MB (70% of 1945 MB)
[2016.07.31-00.44.10:233][  0]LogD3D11RHI: Async texture creation enabled
[2016.07.31-00.44.10:248][  0]LogShaderCompilers: Guid format shader working directory is 26 characters bigger than the processId version (F:/Unreal/Project00/Intermediate/Shaders/WorkingDirectory/9880/).
[2016.07.31-00.44.10:248][  0]LogShaderCompilers: Cleaned the shader compiler working directory 'C:/Users/Nate/AppData/Local/Temp/UnrealShaderWorkingDir/A6B22D3442117B2AF95A4986A0E2B01A/'.
[2016.07.31-00.44.10:248][  0]LogShaderCompilers:Display: Using Local Shader Compiler.
[2016.07.31-00.44.10:986][  0]LogTemp:Display: Loaded TP AllDesktopTargetPlatform
[2016.07.31-00.44.10:988][  0]LogTemp:Display: Loaded TP WindowsClientTargetPlatform
[2016.07.31-00.44.10:991][  0]LogTemp:Display: Loaded TP WindowsNoEditorTargetPlatform
[2016.07.31-00.44.10:995][  0]LogTemp:Display: Loaded TP WindowsServerTargetPlatform
[2016.07.31-00.44.10:997][  0]LogTemp:Display: Loaded TP WindowsTargetPlatform
[2016.07.31-00.44.10:999][  0]LogTemp:Display: Loaded TP AndroidTargetPlatform
[2016.07.31-00.44.11:001][  0]LogTemp:Display: Loaded TP Android_ASTCTargetPlatform
[2016.07.31-00.44.11:004][  0]LogTemp:Display: Loaded TP Android_ATCTargetPlatform
[2016.07.31-00.44.11:006][  0]LogTemp:Display: Loaded TP Android_DXTTargetPlatform
[2016.07.31-00.44.11:008][  0]LogTemp:Display: Loaded TP Android_ETC1TargetPlatform
[2016.07.31-00.44.11:011][  0]LogTemp:Display: Loaded TP Android_ETC2TargetPlatform
[2016.07.31-00.44.11:015][  0]LogTemp:Display: Loaded TP Android_MultiTargetPlatform
[2016.07.31-00.44.11:015][  0]LogTemp:Display: Loaded TP Android_PVRTCTargetPlatform
[2016.07.31-00.44.11:015][  0]LogTemp:Display: Loaded TP HTML5TargetPlatform
[2016.07.31-00.44.11:030][  0]LogTemp:Display: Loaded TP IOSTargetPlatform
[2016.07.31-00.44.11:032][  0]LogTemp:Display: Loaded TP TVOSTargetPlatform
[2016.07.31-00.44.11:034][  0]LogTemp:Display: Loaded TP LinuxNoEditorTargetPlatform
[2016.07.31-00.44.11:037][  0]LogTemp:Display: Loaded TP LinuxServerTargetPlatform
[2016.07.31-00.44.11:040][  0]LogTemp:Display: Loaded TP LinuxTargetPlatform
[2016.07.31-00.44.11:040][  0]LogTargetPlatformManager:Display: Building Assets For Windows
[2016.07.31-00.44.11:088][  0]LogDerivedDataCache:Display: Max Cache Size: 512 MB
[2016.07.31-00.44.11:124][  0]LogDerivedDataCache: Loaded boot cache 0.04s 46MB C:/Users/Nate/AppData/Local/UnrealEngine/4.11/DerivedDataCache/Boot.ddc.
[2016.07.31-00.44.11:124][  0]LogDerivedDataCache:Display: Loaded Boot cache: C:/Users/Nate/AppData/Local/UnrealEngine/4.11/DerivedDataCache/Boot.ddc
[2016.07.31-00.44.11:124][  0]LogDerivedDataCache: FDerivedDataBackendGraph:  Pak pak cache file F:/Unreal/Project00/DerivedDataCache/DDC.ddp not found, will not use a pak cache.
[2016.07.31-00.44.11:124][  0]LogDerivedDataCache: Unable to find inner node Pak for hierarchical cache Hierarchy.
[2016.07.31-00.44.11:124][  0]LogDerivedDataCache: FDerivedDataBackendGraph:  CompressedPak pak cache file F:/Unreal/Project00/DerivedDataCache/Compressed.ddp not found, will not use a pak cache.
[2016.07.31-00.44.11:124][  0]LogDerivedDataCache: Unable to find inner node CompressedPak for hierarchical cache Hierarchy.
[2016.07.31-00.44.11:136][  0]LogDerivedDataCache:Display: Pak cache opened for reading ../../../Engine/DerivedDataCache/Compressed.ddp.
[2016.07.31-00.44.11:147][  0]LogDerivedDataCache: Using Local data cache path C:/Users/Nate/AppData/Local/UnrealEngine/Common/DerivedDataCache: Writable
[2016.07.31-00.44.11:259][  0]LogInit: Selected Device Profile: [Windows]
[2016.07.31-00.44.11:259][  0]LogContentStreaming: Texture pool size is 0.00 MB
[2016.07.31-00.44.11:282][  0]LogMaterial: Uniform references updated for custom material expression Custom.
[2016.07.31-00.44.11:372][  0]LogMeshUtilities: No automatic mesh reduction module available
[2016.07.31-00.44.11:372][  0]LogMeshUtilities: No automatic mesh merging module available
[2016.07.31-00.44.11:372][  0]LogMeshUtilities: No distributed automatic mesh merging module available
[2016.07.31-00.44.11:549][  0]LogUObjectArray: 27679 objects as part of root set at end of initial load.
[2016.07.31-00.44.11:549][  0]LogUObjectAllocator: 5591592 out of 0 bytes used by permanent object pool.
[2016.07.31-00.44.11:549][  0]LogUObjectArray: CloseDisregardForGC: 0/0 objects in disregard for GC pool
[2016.07.31-00.44.11:555][  0]LogInit: WinSock: version 1.1 (2.2), MaxSocks=32767, MaxUdp=65467
[2016.07.31-00.44.11:613][  0]LogSlate: SlateFontCache - WITH_FREETYPE: 1, WITH_HARFBUZZ: 1
[2016.07.31-00.44.11:613][  0]LogSlate: SlateFontCache - WITH_FREETYPE: 1, WITH_HARFBUZZ: 1
[2016.07.31-00.44.11:683][  0]LogStreaming:Warning: Failed to read file '../../../Engine/Content/Editor/Slate/Common/Selection_16x.png' error.
[2016.07.31-00.44.11:683][  0]LogSlate: Could not find file for Slate resource: ../../../Engine/Content/Editor/Slate/Common/Selection_16x.png
[2016.07.31-00.44.11:683][  0]LogStreaming:Warning: Failed to read file '../../../Engine/Content/Editor/Slate/Common/Selection_16x.png' error.
[2016.07.31-00.44.11:683][  0]LogSlate: Could not find file for Slate resource: ../../../Engine/Content/Editor/Slate/Common/Selection_16x.png
[2016.07.31-00.44.11:683][  0]LogStreaming:Warning: Failed to read file '../../../Engine/Content/Editor/Slate/Common/Selection_16x.png' error.
[2016.07.31-00.44.11:683][  0]LogSlate: Could not find file for Slate resource: ../../../Engine/Content/Editor/Slate/Common/Selection_16x.png
[2016.07.31-00.44.12:106][  0]LogUdpMessaging: Initializing bridge on interface 0.0.0.0:0 to multicast group 230.0.0.1:6666.
[2016.07.31-00.44.12:201][  0]LogAssetRegistry: FAssetRegistry took 0.0219 seconds to start up
[2016.07.31-00.44.12:297][  0]SourceControl: Info Source control is disabled
[2016.07.31-00.44.12:326][  0]SourceControl: Info Source control is disabled
[2016.07.31-00.44.12:332][  0]SourceControl: Info Source control is disabled
[2016.07.31-00.44.12:336][  0]SourceControl: Info Source control is disabled
[2016.07.31-00.44.12:410][  0]LogHMD: Failed to initialize OpenVR with code 110
[2016.07.31-00.44.12:463][  0]LogEngine: Initializing Engine...
[2016.07.31-00.44.12:576][  0]LogAIModule: Creating AISystem for world NewWorld
[2016.07.31-00.44.12:581][  0]LogInit: XAudio2 using 'Speakers (Realtek High Definition Audio)' : 2 channels at 48 kHz using 32 bits per sample (channel mask 0x3)
[2016.07.31-00.44.12:591][  0]LogInit: FAudioDevice initialized.
[2016.07.31-00.44.12:610][  0]LogDerivedDataCache: Saved boot cache 0.02s 46MB C:/Users/Nate/AppData/Local/UnrealEngine/4.11/DerivedDataCache/Boot.ddc.
[2016.07.31-00.44.12:614][  0]LogInit: Texture streaming: Enabled
[2016.07.31-00.44.12:631][  0]LogInit: Transaction tracking system initialized
[2016.07.31-00.44.12:647][  0]BlueprintLog: New page: Editor Load
[2016.07.31-00.44.12:773][  0]LocalizationService: Info Localization service is disabled
[2016.07.31-00.44.12:856][  0]LogConsoleResponse:Display: 
[2016.07.31-00.44.12:935][  0]LogFileCache: Scanning file cache for directory 'F:/Unreal/Project00/Content/' took 0.01s
[2016.07.31-00.44.12:935][  0]LogCook:Display: Max memory allowance for cook 8192mb
[2016.07.31-00.44.12:935][  0]LogCook:Display: Mobile HDR setting 1
[2016.07.31-00.44.12:935][  0]LogCook:Display: Done creating registry. It took  0.00s.
[2016.07.31-00.44.12:977][  0]SourceControl: Info Source control is disabled
[2016.07.31-00.44.12:986][  0]LogFactory: FactoryCreateBinary: PackFactory with PackFactory (0 0 C:/Program Files (x86)/Epic Games/4.11/FeaturePacks/StarterContent.upack)
[2016.07.31-00.44.13:004][  0]LogPackFactory: Finished extracting 8 files (including 0 errors).
[2016.07.31-00.44.13:012][  0]LogPackFactory: Copied "../../../Samples/StarterContent/Content/StarterContent/Architecture/Floor_400x400.uasset" to "F:/Unreal/Project00/Content/StarterContent/Architecture/Floor_400x400.uasset"
[2016.07.31-00.44.13:018][  0]LogPackFactory: Copied "../../../Samples/StarterContent/Content/StarterContent/Architecture/Pillar_50x500.uasset" to "F:/Unreal/Project00/Content/StarterContent/Architecture/Pillar_50x500.uasset"
[2016.07.31-00.44.13:027][  0]LogPackFactory: Copied "../../../Samples/StarterContent/Content/StarterContent/Architecture/SM_AssetPlatform.uasset" to "F:/Unreal/Project00/Content/StarterContent/Architecture/SM_AssetPlatform.uasset"
[2016.07.31-00.44.13:032][  0]LogPackFactory: Copied "../../../Samples/StarterContent/Content/StarterContent/Architecture/Wall_400x200.uasset" to "F:/Unreal/Project00/Content/StarterContent/Architecture/Wall_400x200.uasset"
[2016.07.31-00.44.13:040][  0]LogPackFactory: Copied "../../../Samples/StarterContent/Content/StarterContent/Architecture/Wall_400x300.uasset" to "F:/Unreal/Project00/Content/StarterContent/Architecture/Wall_400x300.uasset"
[2016.07.31-00.44.13:046][  0]LogPackFactory: Copied "../../../Samples/StarterContent/Content/StarterContent/Architecture/Wall_400x400.uasset" to "F:/Unreal/Project00/Content/StarterContent/Architecture/Wall_400x400.uasset"
[2016.07.31-00.44.13:052][  0]LogPackFactory: Copied "../../../Samples/StarterContent/Content/StarterContent/Architecture/Wall_500x500.uasset" to "F:/Unreal/Project00/Content/StarterContent/Architecture/Wall_500x500.uasset"
[2016.07.31-00.44.13:059][  0]LogPackFactory: Copied "../../../Samples/StarterContent/Content/StarterContent/Architecture/Wall_Door_400x300.uasset" to "F:/Unreal/Project00/Content/StarterContent/Architecture/Wall_Door_400x300.uasset"
[2016.07.31-00.44.13:065][  0]LogPackFactory: Copied "../../../Samples/StarterContent/Content/StarterContent/Architecture/Wall_Door_400x400.uasset" to "F:/Unreal/Project00/Content/StarterContent/Architecture/Wall_Door_400x400.uasset"
[2016.07.31-00.44.13:071][  0]LogPackFactory: Copied "../../../Samples/StarterContent/Content/StarterContent/Architecture/Wall_Window_400x300.uasset" to "F:/Unreal/Project00/Content/StarterContent/Architecture/Wall_Window_400x300.uasset"
[2016.07.31-00.44.13:077][  0]LogPackFactory: Copied "../../../Samples/StarterContent/Content/StarterContent/Architecture/Wall_Window_400x400.uasset" to "F:/Unreal/Project00/Content/StarterContent/Architecture/Wall_Window_400x400.uasset"
[2016.07.31-00.44.13:085][  0]LogPackFactory: Copied "../../../Samples/StarterContent/Content/StarterContent/Audio/Collapse01.uasset" to "F:/Unreal/Project00/Content/StarterContent/Audio/Collapse01.uasset"
[2016.07.31-00.44.13:092][  0]LogPackFactory: Copied "../../../Samples/StarterContent/Content/StarterContent/Audio/Collapse02.uasset" to "F:/Unreal/Project00/Content/StarterContent/Audio/Collapse02.uasset"
[2016.07.31-00.44.13:095][  0]LogPackFactory: Copied "../../../Samples/StarterContent/Content/StarterContent/Audio/Collapse_Cue.uasset" to "F:/Unreal/Project00/Content/StarterContent/Audio/Collapse_Cue.uasset"
[2016.07.31-00.44.13:102][  0]LogPackFactory: Copied "../../../Samples/StarterContent/Content/StarterContent/Audio/Explosion01.uasset" to "F:/Unreal/Project00/Content/StarterContent/Audio/Explosion01.uasset"
[2016.07.31-00.44.13:108][  0]LogPackFactory: Copied "../../../Samples/StarterContent/Content/StarterContent/Audio/Explosion02.uasset" to "F:/Unreal/Project00/Content/StarterContent/Audio/Explosion02.uasset"
[2016.07.31-00.44.13:111][  0]LogPackFactory: Copied "../../../Samples/StarterContent/Content/StarterContent/Audio/Explosion_Cue.uasset" to "F:/Unreal/Project00/Content/StarterContent/Audio/Explosion_Cue.uasset"
[2016.07.31-00.44.13:120][  0]LogPackFactory: Copied "../../../Samples/StarterContent/Content/StarterContent/Audio/Fire01.uasset" to "F:/Unreal/Project00/Content/StarterContent/Audio/Fire01.uasset"
[2016.07.31-00.44.13:123][  0]LogPackFactory: Copied "../../../Samples/StarterContent/Content/StarterContent/Audio/Fire01_Cue.uasset" to "F:/Unreal/Project00/Content/StarterContent/Audio/Fire01_Cue.uasset"
[2016.07.31-00.44.13:130][  0]LogPackFactory: Copied "../../../Samples/StarterContent/Content/StarterContent/Audio/Fire_Sparks01.uasset" to "F:/Unreal/Project00/Content/StarterContent/Audio/Fire_Sparks01.uasset"
[2016.07.31-00.44.13:132][  0]LogPackFactory: Copied "../../../Samples/StarterContent/Content/StarterContent/Audio/Fire_Sparks01_Cue.uasset" to "F:/Unreal/Project00/Content/StarterContent/Audio/Fire_Sparks01_Cue.uasset"
[2016.07.31-00.44.13:141][  0]LogPackFactory: Copied "../../../Samples/StarterContent/Content/StarterContent/Audio/Light01.uasset" to "F:/Unreal/Project00/Content/StarterContent/Audio/Light01.uasset"
[2016.07.31-00.44.13:144][  0]LogPackFactory: Copied "../../../Samples/StarterContent/Content/StarterContent/Audio/Light01_Cue.uasset" to "F:/Unreal/Project00/Content/StarterContent/Audio/Light01_Cue.uasset"
[2016.07.31-00.44.13:150][  0]LogPackFactory: Copied "../../../Samples/StarterContent/Content/StarterContent/Audio/Light02.uasset" to "F:/Unreal/Project00/Content/StarterContent/Audio/Light02.uasset"
[2016.07.31-00.44.13:152][  0]LogPackFactory: Copied "../../../Samples/StarterContent/Content/StarterContent/Audio/Light02_Cue.uasset" to "F:/Unreal/Project00/Content/StarterContent/Audio/Light02_Cue.uasset"
[2016.07.31-00.44.13:160][  0]LogPackFactory: Copied "../../../Samples/StarterContent/Content/StarterContent/Audio/Smoke01.uasset" to "F:/Unreal/Project00/Content/StarterContent/Audio/Smoke01.uasset"
[2016.07.31-00.44.13:163][  0]LogPackFactory: Copied "../../../Samples/StarterContent/Content/StarterContent/Audio/Smoke01_Cue.uasset" to "F:/Unreal/Project00/Content/StarterContent/Audio/Smoke01_Cue.uasset"
[2016.07.31-00.44.13:167][  0]LogPackFactory: Copied "../../../Samples/StarterContent/Content/StarterContent/Audio/Starter_Background_Cue.uasset" to "F:/Unreal/Project00/Content/StarterContent/Audio/Starter_Background_Cue.uasset"
[2016.07.31-00.44.13:180][  0]LogPackFactory: Copied "../../../Samples/StarterContent/Content/StarterContent/Audio/Starter_Birds01.uasset" to "F:/Unreal/Project00/Content/StarterContent/Audio/Starter_Birds01.uasset"
[2016.07.31-00.44.13:209][  0]LogPackFactory: Copied "../../../Samples/StarterContent/Content/StarterContent/Audio/Starter_Music01.uasset" to "F:/Unreal/Project00/Content/StarterContent/Audio/Starter_Music01.uasset"
[2016.07.31-00.44.13:212][  0]LogPackFactory: Copied "../../../Samples/StarterContent/Content/StarterContent/Audio/Starter_Music_Cue.uasset" to "F:/Unreal/Project00/Content/StarterContent/Audio/Starter_Music_Cue.uasset"
[2016.07.31-00.44.13:227][  0]LogPackFactory: Copied "../../../Samples/StarterContent/Content/StarterContent/Audio/Starter_Wind05.uasset" to "F:/Unreal/Project00/Content/StarterContent/Audio/Starter_Wind05.uasset"
[2016.07.31-00.44.13:239][  0]LogPackFactory: Copied "../../../Samples/StarterContent/Content/StarterContent/Audio/Starter_Wind06.uasset" to "F:/Unreal/Project00/Content/StarterContent/Audio/Starter_Wind06.uasset"
[2016.07.31-00.44.13:247][  0]LogPackFactory: Copied "../../../Samples/StarterContent/Content/StarterContent/Audio/Steam01.uasset" to "F:/Unreal/Project00/Content/StarterContent/Audio/Steam01.uasset"
[2016.07.31-00.44.13:251][  0]LogPackFactory: Copied "../../../Samples/StarterContent/Content/StarterContent/Audio/Steam01_Cue.uasset" to "F:/Unreal/Project00/Content/StarterContent/Audio/Steam01_Cue.uasset"
[2016.07.31-00.44.13:257][  0]LogPackFactory: Copied "../../../Samples/StarterContent/Content/StarterContent/Blueprints/Blueprint_CeilingLight.uasset" to "F:/Unreal/Project00/Content/StarterContent/Blueprints/Blueprint_CeilingLight.uasset"
[2016.07.31-00.44.13:263][  0]LogPackFactory: Copied "../../../Samples/StarterContent/Content/StarterContent/Blueprints/Blueprint_Effect_Explosion.uasset" to "F:/Unreal/Project00/Content/StarterContent/Blueprints/Blueprint_Effect_Explosion.uasset"
[2016.07.31-00.44.13:270][  0]LogPackFactory: Copied "../../../Samples/StarterContent/Content/StarterContent/Blueprints/Blueprint_Effect_Fire.uasset" to "F:/Unreal/Project00/Content/StarterContent/Blueprints/Blueprint_Effect_Fire.uasset"
[2016.07.31-00.44.13:276][  0]LogPackFactory: Copied "../../../Samples/StarterContent/Content/StarterContent/Blueprints/Blueprint_Effect_Smoke.uasset" to "F:/Unreal/Project00/Content/StarterContent/Blueprints/Blueprint_Effect_Smoke.uasset"
[2016.07.31-00.44.13:281][  0]LogPackFactory: Copied "../../../Samples/StarterContent/Content/StarterContent/Blueprints/Blueprint_Effect_Sparks.uasset" to "F:/Unreal/Project00/Content/StarterContent/Blueprints/Blueprint_Effect_Sparks.uasset"
[2016.07.31-00.44.13:286][  0]LogPackFactory: Copied "../../../Samples/StarterContent/Content/StarterContent/Blueprints/Blueprint_Effect_Steam.uasset" to "F:/Unreal/Project00/Content/StarterContent/Blueprints/Blueprint_Effect_Steam.uasset"
[2016.07.31-00.44.13:292][  0]LogPackFactory: Copied "../../../Samples/StarterContent/Content/StarterContent/Blueprints/Blueprint_WallSconce.uasset" to "F:/Unreal/Project00/Content/StarterContent/Blueprints/Blueprint_WallSconce.uasset"
[2016.07.31-00.44.13:298][  0]LogPackFactory: Copied "../../../Samples/StarterContent/Content/StarterContent/Blueprints/BP_LightStudio.uasset" to "F:/Unreal/Project00/Content/StarterContent/Blueprints/BP_LightStudio.uasset"
[2016.07.31-00.44.13:299][  0]LogPackFactory: Copied "../../../Samples/StarterContent/Content/StarterContent/Blueprints/Assets/FogBrightnessLUT.uasset" to "F:/Unreal/Project00/Content/StarterContent/Blueprints/Assets/FogBrightnessLUT.uasset"
[2016.07.31-00.44.13:305][  0]LogPackFactory: Copied "../../../Samples/StarterContent/Content/StarterContent/Blueprints/Assets/M_LightStage_Arrows.uasset" to "F:/Unreal/Project00/Content/StarterContent/Blueprints/Assets/M_LightStage_Arrows.uasset"
[2016.07.31-00.44.13:312][  0]LogPackFactory: Copied "../../../Samples/StarterContent/Content/StarterContent/Blueprints/Assets/M_LightStage_Skybox_Black.uasset" to "F:/Unreal/Project00/Content/StarterContent/Blueprints/Assets/M_LightStage_Skybox_Black.uasset"
[2016.07.31-00.44.13:318][  0]LogPackFactory: Copied "../../../Samples/StarterContent/Content/StarterContent/Blueprints/Assets/M_LightStage_Skybox_HDRI.uasset" to "F:/Unreal/Project00/Content/StarterContent/Blueprints/Assets/M_LightStage_Skybox_HDRI.uasset"
[2016.07.31-00.44.13:324][  0]LogPackFactory: Copied "../../../Samples/StarterContent/Content/StarterContent/Blueprints/Assets/M_LightStage_Skybox_Master.uasset" to "F:/Unreal/Project00/Content/StarterContent/Blueprints/Assets/M_LightStage_Skybox_Master.uasset"
[2016.07.31-00.44.13:333][  0]LogPackFactory: Copied "../../../Samples/StarterContent/Content/StarterContent/Blueprints/Assets/Skybox.uasset" to "F:/Unreal/Project00/Content/StarterContent/Blueprints/Assets/Skybox.uasset"
[2016.07.31-00.44.13:340][  0]LogPackFactory: Copied "../../../Samples/StarterContent/Content/StarterContent/Blueprints/Assets/SM_Arrows.uasset" to "F:/Unreal/Project00/Content/StarterContent/Blueprints/Assets/SM_Arrows.uasset"
[2016.07.31-00.44.13:343][  0]LogPackFactory: Copied "../../../Samples/StarterContent/Content/StarterContent/Blueprints/Assets/SunlightColorLUT.uasset" to "F:/Unreal/Project00/Content/StarterContent/Blueprints/Assets/SunlightColorLUT.uasset"
[2016.07.31-00.44.13:656][  0]LogPackFactory: Copied "../../../Samples/StarterContent/Content/StarterContent/HDRI/HDRI_Epic_Courtyard_Daylight.uasset" to "F:/Unreal/Project00/Content/StarterContent/HDRI/HDRI_Epic_Courtyard_Daylight.uasset"
[2016.07.31-00.44.13:665][  0]LogPackFactory: Copied "../../../Samples/StarterContent/Content/StarterContent/Maps/Advanced_Lighting.umap" to "F:/Unreal/Project00/Content/StarterContent/Maps/Advanced_Lighting.umap"
[2016.07.31-00.44.13:675][  0]LogPackFactory: Copied "../../../Samples/StarterContent/Content/StarterContent/Maps/Minimal_Default.umap" to "F:/Unreal/Project00/Content/StarterContent/Maps/Minimal_Default.umap"
[2016.07.31-00.44.13:721][  0]LogPackFactory: Copied "../../../Samples/StarterContent/Content/StarterContent/Maps/StarterMap.umap" to "F:/Unreal/Project00/Content/StarterContent/Maps/StarterMap.umap"
[2016.07.31-00.44.13:727][  0]LogPackFactory: Copied "../../../Samples/StarterContent/Content/StarterContent/Materials/M_AssetPlatform.uasset" to "F:/Unreal/Project00/Content/StarterContent/Materials/M_AssetPlatform.uasset"
[2016.07.31-00.44.13:733][  0]LogPackFactory: Copied "../../../Samples/StarterContent/Content/StarterContent/Materials/M_Basic_Floor.uasset" to "F:/Unreal/Project00/Content/StarterContent/Materials/M_Basic_Floor.uasset"
[2016.07.31-00.44.13:739][  0]LogPackFactory: Copied "../../../Samples/StarterContent/Content/StarterContent/Materials/M_Basic_Wall.uasset" to "F:/Unreal/Project00/Content/StarterContent/Materials/M_Basic_Wall.uasset"
[2016.07.31-00.44.13:745][  0]LogPackFactory: Copied "../../../Samples/StarterContent/Content/StarterContent/Materials/M_Brick_Clay_Beveled.uasset" to "F:/Unreal/Project00/Content/StarterContent/Materials/M_Brick_Clay_Beveled.uasset"
[2016.07.31-00.44.13:750][  0]LogPackFactory: Copied "../../../Samples/StarterContent/Content/StarterContent/Materials/M_Brick_Clay_New.uasset" to "F:/Unreal/Project00/Content/StarterContent/Materials/M_Brick_Clay_New.uasset"
[2016.07.31-00.44.13:757][  0]LogPackFactory: Copied "../../../Samples/StarterContent/Content/StarterContent/Materials/M_Brick_Clay_Old.uasset" to "F:/Unreal/Project00/Content/StarterContent/Materials/M_Brick_Clay_Old.uasset"
[2016.07.31-00.44.13:762][  0]LogPackFactory: Copied "../../../Samples/StarterContent/Content/StarterContent/Materials/M_Brick_Cut_Stone.uasset" to "F:/Unreal/Project00/Content/StarterContent/Materials/M_Brick_Cut_Stone.uasset"
[2016.07.31-00.44.13:768][  0]LogPackFactory: Copied "../../../Samples/StarterContent/Content/StarterContent/Materials/M_Brick_Hewn_Stone.uasset" to "F:/Unreal/Project00/Content/StarterContent/Materials/M_Brick_Hewn_Stone.uasset"
[2016.07.31-00.44.13:773][  0]LogPackFactory: Copied "../../../Samples/StarterContent/Content/StarterContent/Materials/M_Ceramic_Tile_Checker.uasset" to "F:/Unreal/Project00/Content/StarterContent/Materials/M_Ceramic_Tile_Checker.uasset"
[2016.07.31-00.44.13:778][  0]LogPackFactory: Copied "../../../Samples/StarterContent/Content/StarterContent/Materials/M_CobbleStone_Pebble.uasset" to "F:/Unreal/Project00/Content/StarterContent/Materials/M_CobbleStone_Pebble.uasset"
[2016.07.31-00.44.13:784][  0]LogPackFactory: Copied "../../../Samples/StarterContent/Content/StarterContent/Materials/M_CobbleStone_Rough.uasset" to "F:/Unreal/Project00/Content/StarterContent/Materials/M_CobbleStone_Rough.uasset"
[2016.07.31-00.44.13:789][  0]LogPackFactory: Copied "../../../Samples/StarterContent/Content/StarterContent/Materials/M_CobbleStone_Smooth.uasset" to "F:/Unreal/Project00/Content/StarterContent/Materials/M_CobbleStone_Smooth.uasset"
[2016.07.31-00.44.13:796][  0]LogPackFactory: Copied "../../../Samples/StarterContent/Content/StarterContent/Materials/M_ColorGrid_LowSpec.uasset" to "F:/Unreal/Project00/Content/StarterContent/Materials/M_ColorGrid_LowSpec.uasset"
[2016.07.31-00.44.13:801][  0]LogPackFactory: Copied "../../../Samples/StarterContent/Content/StarterContent/Materials/M_Concrete_Grime.uasset" to "F:/Unreal/Project00/Content/StarterContent/Materials/M_Concrete_Grime.uasset"
[2016.07.31-00.44.13:807][  0]LogPackFactory: Copied "../../../Samples/StarterContent/Content/StarterContent/Materials/M_Concrete_Panels.uasset" to "F:/Unreal/Project00/Content/StarterContent/Materials/M_Concrete_Panels.uasset"
[2016.07.31-00.44.13:813][  0]LogPackFactory: Copied "../../../Samples/StarterContent/Content/StarterContent/Materials/M_Concrete_Poured.uasset" to "F:/Unreal/Project00/Content/StarterContent/Materials/M_Concrete_Poured.uasset"
[2016.07.31-00.44.13:819][  0]LogPackFactory: Copied "../../../Samples/StarterContent/Content/StarterContent/Materials/M_Concrete_Tiles.uasset" to "F:/Unreal/Project00/Content/StarterContent/Materials/M_Concrete_Tiles.uasset"
[2016.07.31-00.44.13:825][  0]LogPackFactory: Copied "../../../Samples/StarterContent/Content/StarterContent/Materials/M_Glass.uasset" to "F:/Unreal/Project00/Content/StarterContent/Materials/M_Glass.uasset"
[2016.07.31-00.44.13:830][  0]LogPackFactory: Copied "../../../Samples/StarterContent/Content/StarterContent/Materials/M_Ground_Grass.uasset" to "F:/Unreal/Project00/Content/StarterContent/Materials/M_Ground_Grass.uasset"
[2016.07.31-00.44.13:837][  0]LogPackFactory: Copied "../../../Samples/StarterContent/Content/StarterContent/Materials/M_Ground_Gravel.uasset" to "F:/Unreal/Project00/Content/StarterContent/Materials/M_Ground_Gravel.uasset"
[2016.07.31-00.44.13:842][  0]LogPackFactory: Copied "../../../Samples/StarterContent/Content/StarterContent/Materials/M_Ground_Moss.uasset" to "F:/Unreal/Project00/Content/StarterContent/Materials/M_Ground_Moss.uasset"
[2016.07.31-00.44.13:847][  0]LogPackFactory: Copied "../../../Samples/StarterContent/Content/StarterContent/Materials/M_Metal_Brushed_Nickel.uasset" to "F:/Unreal/Project00/Content/StarterContent/Materials/M_Metal_Brushed_Nickel.uasset"
[2016.07.31-00.44.13:853][  0]LogPackFactory: Copied "../../../Samples/StarterContent/Content/StarterContent/Materials/M_Metal_Burnished_Steel.uasset" to "F:/Unreal/Project00/Content/StarterContent/Materials/M_Metal_Burnished_Steel.uasset"
[2016.07.31-00.44.13:858][  0]LogPackFactory: Copied "../../../Samples/StarterContent/Content/StarterContent/Materials/M_Metal_Chrome.uasset" to "F:/Unreal/Project00/Content/StarterContent/Materials/M_Metal_Chrome.uasset"
[2016.07.31-00.44.13:864][  0]LogPackFactory: Copied "../../../Samples/StarterContent/Content/StarterContent/Materials/M_Metal_Copper.uasset" to "F:/Unreal/Project00/Content/StarterContent/Materials/M_Metal_Copper.uasset"
[2016.07.31-00.44.13:869][  0]LogPackFactory: Copied "../../../Samples/StarterContent/Content/StarterContent/Materials/M_Metal_Gold.uasset" to "F:/Unreal/Project00/Content/StarterContent/Materials/M_Metal_Gold.uasset"
[2016.07.31-00.44.13:874][  0]LogPackFactory: Copied "../../../Samples/StarterContent/Content/StarterContent/Materials/M_Metal_Rust.uasset" to "F:/Unreal/Project00/Content/StarterContent/Materials/M_Metal_Rust.uasset"
[2016.07.31-00.44.13:879][  0]LogPackFactory: Copied "../../../Samples/StarterContent/Content/StarterContent/Materials/M_Metal_Steel.uasset" to "F:/Unreal/Project00/Content/StarterContent/Materials/M_Metal_Steel.uasset"
[2016.07.31-00.44.13:885][  0]LogPackFactory: Copied "../../../Samples/StarterContent/Content/StarterContent/Materials/M_Rock_Basalt.uasset" to "F:/Unreal/Project00/Content/StarterContent/Materials/M_Rock_Basalt.uasset"
[2016.07.31-00.44.13:890][  0]LogPackFactory: Copied "../../../Samples/StarterContent/Content/StarterContent/Materials/M_Rock_Marble_Polished.uasset" to "F:/Unreal/Project00/Content/StarterContent/Materials/M_Rock_Marble_Polished.uasset"
[2016.07.31-00.44.13:897][  0]LogPackFactory: Copied "../../../Samples/StarterContent/Content/StarterContent/Materials/M_Rock_Sandstone.uasset" to "F:/Unreal/Project00/Content/StarterContent/Materials/M_Rock_Sandstone.uasset"
[2016.07.31-00.44.13:902][  0]LogPackFactory: Copied "../../../Samples/StarterContent/Content/StarterContent/Materials/M_Rock_Slate.uasset" to "F:/Unreal/Project00/Content/StarterContent/Materials/M_Rock_Slate.uasset"
[2016.07.31-00.44.13:908][  0]LogPackFactory: Copied "../../../Samples/StarterContent/Content/StarterContent/Materials/M_Tech_Checker_Dot.uasset" to "F:/Unreal/Project00/Content/StarterContent/Materials/M_Tech_Checker_Dot.uasset"
[2016.07.31-00.44.13:914][  0]LogPackFactory: Copied "../../../Samples/StarterContent/Content/StarterContent/Materials/M_Tech_Hex_Tile.uasset" to "F:/Unreal/Project00/Content/StarterContent/Materials/M_Tech_Hex_Tile.uasset"
[2016.07.31-00.44.13:920][  0]LogPackFactory: Copied "../../../Samples/StarterContent/Content/StarterContent/Materials/M_Tech_Hex_Tile_Pulse.uasset" to "F:/Unreal/Project00/Content/StarterContent/Materials/M_Tech_Hex_Tile_Pulse.uasset"
[2016.07.31-00.44.13:925][  0]LogPackFactory: Copied "../../../Samples/StarterContent/Content/StarterContent/Materials/M_Tech_Panel.uasset" to "F:/Unreal/Project00/Content/StarterContent/Materials/M_Tech_Panel.uasset"
[2016.07.31-00.44.13:930][  0]LogPackFactory: Copied "../../../Samples/StarterContent/Content/StarterContent/Materials/M_Water_Lake.uasset" to "F:/Unreal/Project00/Content/StarterContent/Materials/M_Water_Lake.uasset"
[2016.07.31-00.44.13:937][  0]LogPackFactory: Copied "../../../Samples/StarterContent/Content/StarterContent/Materials/M_Water_Ocean.uasset" to "F:/Unreal/Project00/Content/StarterContent/Materials/M_Water_Ocean.uasset"
[2016.07.31-00.44.13:943][  0]LogPackFactory: Copied "../../../Samples/StarterContent/Content/StarterContent/Materials/M_Wood_Floor_Walnut_Polished.uasset" to "F:/Unreal/Project00/Content/StarterContent/Materials/M_Wood_Floor_Walnut_Polished.uasset"
[2016.07.31-00.44.13:949][  0]LogPackFactory: Copied "../../../Samples/StarterContent/Content/StarterContent/Materials/M_Wood_Floor_Walnut_Worn.uasset" to "F:/Unreal/Project00/Content/StarterContent/Materials/M_Wood_Floor_Walnut_Worn.uasset"
[2016.07.31-00.44.13:955][  0]LogPackFactory: Copied "../../../Samples/StarterContent/Content/StarterContent/Materials/M_Wood_Oak.uasset" to "F:/Unreal/Project00/Content/StarterContent/Materials/M_Wood_Oak.uasset"
[2016.07.31-00.44.13:960][  0]LogPackFactory: Copied "../../../Samples/StarterContent/Content/StarterContent/Materials/M_Wood_Pine.uasset" to "F:/Unreal/Project00/Content/StarterContent/Materials/M_Wood_Pine.uasset"
[2016.07.31-00.44.13:965][  0]LogPackFactory: Copied "../../../Samples/StarterContent/Content/StarterContent/Materials/M_Wood_Walnut.uasset" to "F:/Unreal/Project00/Content/StarterContent/Materials/M_Wood_Walnut.uasset"
[2016.07.31-00.44.13:971][  0]LogPackFactory: Copied "../../../Samples/StarterContent/Content/StarterContent/Particles/P_Ambient_Dust.uasset" to "F:/Unreal/Project00/Content/StarterContent/Particles/P_Ambient_Dust.uasset"
[2016.07.31-00.44.13:976][  0]LogPackFactory: Copied "../../../Samples/StarterContent/Content/StarterContent/Particles/P_Explosion.uasset" to "F:/Unreal/Project00/Content/StarterContent/Particles/P_Explosion.uasset"
[2016.07.31-00.44.13:982][  0]LogPackFactory: Copied "../../../Samples/StarterContent/Content/StarterContent/Particles/P_Fire.uasset" to "F:/Unreal/Project00/Content/StarterContent/Particles/P_Fire.uasset"
[2016.07.31-00.44.13:987][  0]LogPackFactory: Copied "../../../Samples/StarterContent/Content/StarterContent/Particles/P_Smoke.uasset" to "F:/Unreal/Project00/Content/StarterContent/Particles/P_Smoke.uasset"
[2016.07.31-00.44.13:992][  0]LogPackFactory: Copied "../../../Samples/StarterContent/Content/StarterContent/Particles/P_Sparks.uasset" to "F:/Unreal/Project00/Content/StarterContent/Particles/P_Sparks.uasset"
[2016.07.31-00.44.13:998][  0]LogPackFactory: Copied "../../../Samples/StarterContent/Content/StarterContent/Particles/P_Steam_Lit.uasset" to "F:/Unreal/Project00/Content/StarterContent/Particles/P_Steam_Lit.uasset"
[2016.07.31-00.44.14:003][  0]LogPackFactory: Copied "../../../Samples/StarterContent/Content/StarterContent/Particles/Materials/M_Burst.uasset" to "F:/Unreal/Project00/Content/StarterContent/Particles/Materials/M_Burst.uasset"
[2016.07.31-00.44.14:008][  0]LogPackFactory: Copied "../../../Samples/StarterContent/Content/StarterContent/Particles/Materials/M_Dust_Particle.uasset" to "F:/Unreal/Project00/Content/StarterContent/Particles/Materials/M_Dust_Particle.uasset"
[2016.07.31-00.44.14:013][  0]LogPackFactory: Copied "../../../Samples/StarterContent/Content/StarterContent/Particles/Materials/M_explosion_subUV.uasset" to "F:/Unreal/Project00/Content/StarterContent/Particles/Materials/M_explosion_subUV.uasset"
[2016.07.31-00.44.14:019][  0]LogPackFactory: Copied "../../../Samples/StarterContent/Content/StarterContent/Particles/Materials/M_Fire_SubUV.uasset" to "F:/Unreal/Project00/Content/StarterContent/Particles/Materials/M_Fire_SubUV.uasset"
[2016.07.31-00.44.14:024][  0]LogPackFactory: Copied "../../../Samples/StarterContent/Content/StarterContent/Particles/Materials/m_flare_01.uasset" to "F:/Unreal/Project00/Content/StarterContent/Particles/Materials/m_flare_01.uasset"
[2016.07.31-00.44.14:029][  0]LogPackFactory: Copied "../../../Samples/StarterContent/Content/StarterContent/Particles/Materials/M_Heat_Distortion.uasset" to "F:/Unreal/Project00/Content/StarterContent/Particles/Materials/M_Heat_Distortion.uasset"
[2016.07.31-00.44.14:034][  0]LogPackFactory: Copied "../../../Samples/StarterContent/Content/StarterContent/Particles/Materials/M_Radial_Gradient.uasset" to "F:/Unreal/Project00/Content/StarterContent/Particles/Materials/M_Radial_Gradient.uasset"
[2016.07.31-00.44.14:039][  0]LogPackFactory: Copied "../../../Samples/StarterContent/Content/StarterContent/Particles/Materials/M_radial_ramp.uasset" to "F:/Unreal/Project00/Content/StarterContent/Particles/Materials/M_radial_ramp.uasset"
[2016.07.31-00.44.14:045][  0]LogPackFactory: Copied "../../../Samples/StarterContent/Content/StarterContent/Particles/Materials/M_smoke_subUV.uasset" to "F:/Unreal/Project00/Content/StarterContent/Particles/Materials/M_smoke_subUV.uasset"
[2016.07.31-00.44.14:050][  0]LogPackFactory: Copied "../../../Samples/StarterContent/Content/StarterContent/Particles/Materials/M_Spark.uasset" to "F:/Unreal/Project00/Content/StarterContent/Particles/Materials/M_Spark.uasset"
[2016.07.31-00.44.14:056][  0]LogPackFactory: Copied "../../../Samples/StarterContent/Content/StarterContent/Props/MaterialSphere.uasset" to "F:/Unreal/Project00/Content/StarterContent/Props/MaterialSphere.uasset"
[2016.07.31-00.44.14:061][  0]LogPackFactory: Copied "../../../Samples/StarterContent/Content/StarterContent/Props/SM_Bush.uasset" to "F:/Unreal/Project00/Content/StarterContent/Props/SM_Bush.uasset"
[2016.07.31-00.44.14:067][  0]LogPackFactory: Copied "../../../Samples/StarterContent/Content/StarterContent/Props/SM_Chair.uasset" to "F:/Unreal/Project00/Content/StarterContent/Props/SM_Chair.uasset"
[2016.07.31-00.44.14:072][  0]LogPackFactory: Copied "../../../Samples/StarterContent/Content/StarterContent/Props/SM_CornerFrame.uasset" to "F:/Unreal/Project00/Content/StarterContent/Props/SM_CornerFrame.uasset"
[2016.07.31-00.44.14:077][  0]LogPackFactory: Copied "../../../Samples/StarterContent/Content/StarterContent/Props/SM_Couch.uasset" to "F:/Unreal/Project00/Content/StarterContent/Props/SM_Couch.uasset"
[2016.07.31-00.44.14:083][  0]LogPackFactory: Copied "../../../Samples/StarterContent/Content/StarterContent/Props/SM_Door.uasset" to "F:/Unreal/Project00/Content/StarterContent/Props/SM_Door.uasset"
[2016.07.31-00.44.14:089][  0]LogPackFactory: Copied "../../../Samples/StarterContent/Content/StarterContent/Props/SM_DoorFrame.uasset" to "F:/Unreal/Project00/Content/StarterContent/Props/SM_DoorFrame.uasset"
[2016.07.31-00.44.14:094][  0]LogPackFactory: Copied "../../../Samples/StarterContent/Content/StarterContent/Props/SM_GlassWindow.uasset" to "F:/Unreal/Project00/Content/StarterContent/Props/SM_GlassWindow.uasset"
[2016.07.31-00.44.14:100][  0]LogPackFactory: Copied "../../../Samples/StarterContent/Content/StarterContent/Props/SM_Lamp_Ceiling.uasset" to "F:/Unreal/Project00/Content/StarterContent/Props/SM_Lamp_Ceiling.uasset"
[2016.07.31-00.44.14:105][  0]LogPackFactory: Copied "../../../Samples/StarterContent/Content/StarterContent/Props/SM_Lamp_Wall.uasset" to "F:/Unreal/Project00/Content/StarterContent/Props/SM_Lamp_Wall.uasset"
[2016.07.31-00.44.14:118][  0]LogPackFactory: Copied "../../../Samples/StarterContent/Content/StarterContent/Props/SM_MatPreviewMesh_02.uasset" to "F:/Unreal/Project00/Content/StarterContent/Props/SM_MatPreviewMesh_02.uasset"
[2016.07.31-00.44.14:124][  0]LogPackFactory: Copied "../../../Samples/StarterContent/Content/StarterContent/Props/SM_PillarFrame.uasset" to "F:/Unreal/Project00/Content/StarterContent/Props/SM_PillarFrame.uasset"
[2016.07.31-00.44.14:129][  0]LogPackFactory: Copied "../../../Samples/StarterContent/Content/StarterContent/Props/SM_PillarFrame300.uasset" to "F:/Unreal/Project00/Content/StarterContent/Props/SM_PillarFrame300.uasset"
[2016.07.31-00.44.14:136][  0]LogPackFactory: Copied "../../../Samples/StarterContent/Content/StarterContent/Props/SM_Rock.uasset" to "F:/Unreal/Project00/Content/StarterContent/Props/SM_Rock.uasset"
[2016.07.31-00.44.14:141][  0]LogPackFactory: Copied "../../../Samples/StarterContent/Content/StarterContent/Props/SM_Shelf.uasset" to "F:/Unreal/Project00/Content/StarterContent/Props/SM_Shelf.uasset"
[2016.07.31-00.44.14:148][  0]LogPackFactory: Copied "../../../Samples/StarterContent/Content/StarterContent/Props/SM_Stairs.uasset" to "F:/Unreal/Project00/Content/StarterContent/Props/SM_Stairs.uasset"
[2016.07.31-00.44.14:161][  0]LogPackFactory: Copied "../../../Samples/StarterContent/Content/StarterContent/Props/SM_Statue.uasset" to "F:/Unreal/Project00/Content/StarterContent/Props/SM_Statue.uasset"
[2016.07.31-00.44.14:182][  0]LogPackFactory: Copied "../../../Samples/StarterContent/Content/StarterContent/Props/SM_TableRound.uasset" to "F:/Unreal/Project00/Content/StarterContent/Props/SM_TableRound.uasset"
[2016.07.31-00.44.14:190][  0]LogPackFactory: Copied "../../../Samples/StarterContent/Content/StarterContent/Props/SM_WindowFrame.uasset" to "F:/Unreal/Project00/Content/StarterContent/Props/SM_WindowFrame.uasset"
[2016.07.31-00.44.14:198][  0]LogPackFactory: Copied "../../../Samples/StarterContent/Content/StarterContent/Props/Materials/M_Bush.uasset" to "F:/Unreal/Project00/Content/StarterContent/Props/Materials/M_Bush.uasset"
[2016.07.31-00.44.14:207][  0]LogPackFactory: Copied "../../../Samples/StarterContent/Content/StarterContent/Props/Materials/M_Chair.uasset" to "F:/Unreal/Project00/Content/StarterContent/Props/Materials/M_Chair.uasset"
[2016.07.31-00.44.14:213][  0]LogPackFactory: Copied "../../../Samples/StarterContent/Content/StarterContent/Props/Materials/M_Door.uasset" to "F:/Unreal/Project00/Content/StarterContent/Props/Materials/M_Door.uasset"
[2016.07.31-00.44.14:226][  0]LogPackFactory: Copied "../../../Samples/StarterContent/Content/StarterContent/Props/Materials/M_Frame.uasset" to "F:/Unreal/Project00/Content/StarterContent/Props/Materials/M_Frame.uasset"
[2016.07.31-00.44.14:247][  0]LogPackFactory: Copied "../../../Samples/StarterContent/Content/StarterContent/Props/Materials/M_Lamp.uasset" to "F:/Unreal/Project00/Content/StarterContent/Props/Materials/M_Lamp.uasset"
[2016.07.31-00.44.14:254][  0]LogPackFactory: Copied "../../../Samples/StarterContent/Content/StarterContent/Props/Materials/M_MaterialSphere.uasset" to "F:/Unreal/Project00/Content/StarterContent/Props/Materials/M_MaterialSphere.uasset"
[2016.07.31-00.44.14:260][  0]LogPackFactory: Copied "../../../Samples/StarterContent/Content/StarterContent/Props/Materials/M_MaterialSphere_Plain.uasset" to "F:/Unreal/Project00/Content/StarterContent/Props/Materials/M_MaterialSphere_Plain.uasset"
[2016.07.31-00.44.14:265][  0]LogPackFactory: Copied "../../../Samples/StarterContent/Content/StarterContent/Props/Materials/M_Rock.uasset" to "F:/Unreal/Project00/Content/StarterContent/Props/Materials/M_Rock.uasset"
[2016.07.31-00.44.14:270][  0]LogPackFactory: Copied "../../../Samples/StarterContent/Content/StarterContent/Props/Materials/M_Shelf.uasset" to "F:/Unreal/Project00/Content/StarterContent/Props/Materials/M_Shelf.uasset"
[2016.07.31-00.44.14:276][  0]LogPackFactory: Copied "../../../Samples/StarterContent/Content/StarterContent/Props/Materials/M_Statue.uasset" to "F:/Unreal/Project00/Content/StarterContent/Props/Materials/M_Statue.uasset"
[2016.07.31-00.44.14:288][  0]LogPackFactory: Copied "../../../Samples/StarterContent/Content/StarterContent/Props/Materials/M_StatueGlass.uasset" to "F:/Unreal/Project00/Content/StarterContent/Props/Materials/M_StatueGlass.uasset"
[2016.07.31-00.44.14:294][  0]LogPackFactory: Copied "../../../Samples/StarterContent/Content/StarterContent/Props/Materials/M_TableRound.uasset" to "F:/Unreal/Project00/Content/StarterContent/Props/Materials/M_TableRound.uasset"
[2016.07.31-00.44.14:299][  0]LogPackFactory: Copied "../../../Samples/StarterContent/Content/StarterContent/Shapes/Shape_Cone.uasset" to "F:/Unreal/Project00/Content/StarterContent/Shapes/Shape_Cone.uasset"
[2016.07.31-00.44.14:305][  0]LogPackFactory: Copied "../../../Samples/StarterContent/Content/StarterContent/Shapes/Shape_Cube.uasset" to "F:/Unreal/Project00/Content/StarterContent/Shapes/Shape_Cube.uasset"
[2016.07.31-00.44.14:311][  0]LogPackFactory: Copied "../../../Samples/StarterContent/Content/StarterContent/Shapes/Shape_Cylinder.uasset" to "F:/Unreal/Project00/Content/StarterContent/Shapes/Shape_Cylinder.uasset"
[2016.07.31-00.44.14:317][  0]LogPackFactory: Copied "../../../Samples/StarterContent/Content/StarterContent/Shapes/Shape_NarrowCapsule.uasset" to "F:/Unreal/Project00/Content/StarterContent/Shapes/Shape_NarrowCapsule.uasset"
[2016.07.31-00.44.14:323][  0]LogPackFactory: Copied "../../../Samples/StarterContent/Content/StarterContent/Shapes/Shape_Pipe.uasset" to "F:/Unreal/Project00/Content/StarterContent/Shapes/Shape_Pipe.uasset"
[2016.07.31-00.44.14:330][  0]LogPackFactory: Copied "../../../Samples/StarterContent/Content/StarterContent/Shapes/Shape_Pipe_180.uasset" to "F:/Unreal/Project00/Content/StarterContent/Shapes/Shape_Pipe_180.uasset"
[2016.07.31-00.44.14:336][  0]LogPackFactory: Copied "../../../Samples/StarterContent/Content/StarterContent/Shapes/Shape_Pipe_90.uasset" to "F:/Unreal/Project00/Content/StarterContent/Shapes/Shape_Pipe_90.uasset"
[2016.07.31-00.44.14:341][  0]LogPackFactory: Copied "../../../Samples/StarterContent/Content/StarterContent/Shapes/Shape_Plane.uasset" to "F:/Unreal/Project00/Content/StarterContent/Shapes/Shape_Plane.uasset"
[2016.07.31-00.44.14:345][  0]LogPackFactory: Copied "../../../Samples/StarterContent/Content/StarterContent/Shapes/Shape_QuadPyramid.uasset" to "F:/Unreal/Project00/Content/StarterContent/Shapes/Shape_QuadPyramid.uasset"
[2016.07.31-00.44.14:352][  0]LogPackFactory: Copied "../../../Samples/StarterContent/Content/StarterContent/Shapes/Shape_Sphere.uasset" to "F:/Unreal/Project00/Content/StarterContent/Shapes/Shape_Sphere.uasset"
[2016.07.31-00.44.14:359][  0]LogPackFactory: Copied "../../../Samples/StarterContent/Content/StarterContent/Shapes/Shape_Torus.uasset" to "F:/Unreal/Project00/Content/StarterContent/Shapes/Shape_Torus.uasset"
[2016.07.31-00.44.14:365][  0]LogPackFactory: Copied "../../../Samples/StarterContent/Content/StarterContent/Shapes/Shape_Trim.uasset" to "F:/Unreal/Project00/Content/StarterContent/Shapes/Shape_Trim.uasset"
[2016.07.31-00.44.14:370][  0]LogPackFactory: Copied "../../../Samples/StarterContent/Content/StarterContent/Shapes/Shape_Trim_90_In.uasset" to "F:/Unreal/Project00/Content/StarterContent/Shapes/Shape_Trim_90_In.uasset"
[2016.07.31-00.44.14:375][  0]LogPackFactory: Copied "../../../Samples/StarterContent/Content/StarterContent/Shapes/Shape_Trim_90_Out.uasset" to "F:/Unreal/Project00/Content/StarterContent/Shapes/Shape_Trim_90_Out.uasset"
[2016.07.31-00.44.14:381][  0]LogPackFactory: Copied "../../../Samples/StarterContent/Content/StarterContent/Shapes/Shape_TriPyramid.uasset" to "F:/Unreal/Project00/Content/StarterContent/Shapes/Shape_TriPyramid.uasset"
[2016.07.31-00.44.14:387][  0]LogPackFactory: Copied "../../../Samples/StarterContent/Content/StarterContent/Shapes/Shape_Tube.uasset" to "F:/Unreal/Project00/Content/StarterContent/Shapes/Shape_Tube.uasset"
[2016.07.31-00.44.14:392][  0]LogPackFactory: Copied "../../../Samples/StarterContent/Content/StarterContent/Shapes/Shape_Wedge_A.uasset" to "F:/Unreal/Project00/Content/StarterContent/Shapes/Shape_Wedge_A.uasset"
[2016.07.31-00.44.14:397][  0]LogPackFactory: Copied "../../../Samples/StarterContent/Content/StarterContent/Shapes/Shape_Wedge_B.uasset" to "F:/Unreal/Project00/Content/StarterContent/Shapes/Shape_Wedge_B.uasset"
[2016.07.31-00.44.14:403][  0]LogPackFactory: Copied "../../../Samples/StarterContent/Content/StarterContent/Shapes/Shape_WideCapsule.uasset" to "F:/Unreal/Project00/Content/StarterContent/Shapes/Shape_WideCapsule.uasset"
[2016.07.31-00.44.14:428][  0]LogPackFactory: Copied "../../../Samples/StarterContent/Content/StarterContent/Textures/T_Brick_Clay_Beveled_D.uasset" to "F:/Unreal/Project00/Content/StarterContent/Textures/T_Brick_Clay_Beveled_D.uasset"
[2016.07.31-00.44.14:457][  0]LogPackFactory: Copied "../../../Samples/StarterContent/Content/StarterContent/Textures/T_Brick_Clay_Beveled_M.uasset" to "F:/Unreal/Project00/Content/StarterContent/Textures/T_Brick_Clay_Beveled_M.uasset"
[2016.07.31-00.44.14:481][  0]LogPackFactory: Copied "../../../Samples/StarterContent/Content/StarterContent/Textures/T_Brick_Clay_Beveled_N.uasset" to "F:/Unreal/Project00/Content/StarterContent/Textures/T_Brick_Clay_Beveled_N.uasset"
[2016.07.31-00.44.14:503][  0]LogPackFactory: Copied "../../../Samples/StarterContent/Content/StarterContent/Textures/T_Brick_Clay_New_D.uasset" to "F:/Unreal/Project00/Content/StarterContent/Textures/T_Brick_Clay_New_D.uasset"
[2016.07.31-00.44.14:536][  0]LogPackFactory: Copied "../../../Samples/StarterContent/Content/StarterContent/Textures/T_Brick_Clay_New_M.uasset" to "F:/Unreal/Project00/Content/StarterContent/Textures/T_Brick_Clay_New_M.uasset"
[2016.07.31-00.44.14:562][  0]LogPackFactory: Copied "../../../Samples/StarterContent/Content/StarterContent/Textures/T_Brick_Clay_New_N.uasset" to "F:/Unreal/Project00/Content/StarterContent/Textures/T_Brick_Clay_New_N.uasset"
[2016.07.31-00.44.14:597][  0]LogPackFactory: Copied "../../../Samples/StarterContent/Content/StarterContent/Textures/T_Brick_Clay_Old_D.uasset" to "F:/Unreal/Project00/Content/StarterContent/Textures/T_Brick_Clay_Old_D.uasset"
[2016.07.31-00.44.14:624][  0]LogPackFactory: Copied "../../../Samples/StarterContent/Content/StarterContent/Textures/T_Brick_Clay_Old_N.uasset" to "F:/Unreal/Project00/Content/StarterContent/Textures/T_Brick_Clay_Old_N.uasset"
[2016.07.31-00.44.14:663][  0]LogPackFactory: Copied "../../../Samples/StarterContent/Content/StarterContent/Textures/T_Brick_Cut_Stone_D.uasset" to "F:/Unreal/Project00/Content/StarterContent/Textures/T_Brick_Cut_Stone_D.uasset"
[2016.07.31-00.44.14:687][  0]LogPackFactory: Copied "../../../Samples/StarterContent/Content/StarterContent/Textures/T_Brick_Cut_Stone_N.uasset" to "F:/Unreal/Project00/Content/StarterContent/Textures/T_Brick_Cut_Stone_N.uasset"
[2016.07.31-00.44.14:713][  0]LogPackFactory: Copied "../../../Samples/StarterContent/Content/StarterContent/Textures/T_Brick_Hewn_Stone_D.uasset" to "F:/Unreal/Project00/Content/StarterContent/Textures/T_Brick_Hewn_Stone_D.uasset"
[2016.07.31-00.44.14:737][  0]LogPackFactory: Copied "../../../Samples/StarterContent/Content/StarterContent/Textures/T_Brick_Hewn_Stone_M.uasset" to "F:/Unreal/Project00/Content/StarterContent/Textures/T_Brick_Hewn_Stone_M.uasset"
[2016.07.31-00.44.14:766][  0]LogPackFactory: Copied "../../../Samples/StarterContent/Content/StarterContent/Textures/T_Brick_Hewn_Stone_N.uasset" to "F:/Unreal/Project00/Content/StarterContent/Textures/T_Brick_Hewn_Stone_N.uasset"
[2016.07.31-00.44.14:773][  0]LogPackFactory: Copied "../../../Samples/StarterContent/Content/StarterContent/Textures/T_Burst_M.uasset" to "F:/Unreal/Project00/Content/StarterContent/Textures/T_Burst_M.uasset"
[2016.07.31-00.44.14:781][  0]LogPackFactory: Copied "../../../Samples/StarterContent/Content/StarterContent/Textures/T_Bush_D.uasset" to "F:/Unreal/Project00/Content/StarterContent/Textures/T_Bush_D.uasset"
[2016.07.31-00.44.14:789][  0]LogPackFactory: Copied "../../../Samples/StarterContent/Content/StarterContent/Textures/T_Bush_N.uasset" to "F:/Unreal/Project00/Content/StarterContent/Textures/T_Bush_N.uasset"
[2016.07.31-00.44.14:795][  0]LogPackFactory: Copied "../../../Samples/StarterContent/Content/StarterContent/Textures/T_Ceramic_Tile_M.uasset" to "F:/Unreal/Project00/Content/StarterContent/Textures/T_Ceramic_Tile_M.uasset"
[2016.07.31-00.44.14:801][  0]LogPackFactory: Copied "../../../Samples/StarterContent/Content/StarterContent/Textures/T_Ceramic_Tile_N.uasset" to "F:/Unreal/Project00/Content/StarterContent/Textures/T_Ceramic_Tile_N.uasset"
[2016.07.31-00.44.14:808][  0]LogPackFactory: Copied "../../../Samples/StarterContent/Content/StarterContent/Textures/T_Chair_M.uasset" to "F:/Unreal/Project00/Content/StarterContent/Textures/T_Chair_M.uasset"
[2016.07.31-00.44.14:820][  0]LogPackFactory: Copied "../../../Samples/StarterContent/Content/StarterContent/Textures/T_Chair_N.uasset" to "F:/Unreal/Project00/Content/StarterContent/Textures/T_Chair_N.uasset"
[2016.07.31-00.44.14:827][  0]LogPackFactory: Copied "../../../Samples/StarterContent/Content/StarterContent/Textures/T_Checker_Noise_M.uasset" to "F:/Unreal/Project00/Content/StarterContent/Textures/T_Checker_Noise_M.uasset"
[2016.07.31-00.44.14:864][  0]LogPackFactory: Copied "../../../Samples/StarterContent/Content/StarterContent/Textures/T_CobbleStone_Pebble_D.uasset" to "F:/Unreal/Project00/Content/StarterContent/Textures/T_CobbleStone_Pebble_D.uasset"
[2016.07.31-00.44.14:873][  0]LogPackFactory: Copied "../../../Samples/StarterContent/Content/StarterContent/Textures/T_CobbleStone_Pebble_M.uasset" to "F:/Unreal/Project00/Content/StarterContent/Textures/T_CobbleStone_Pebble_M.uasset"
[2016.07.31-00.44.14:916][  0]LogPackFactory: Copied "../../../Samples/StarterContent/Content/StarterContent/Textures/T_CobbleStone_Pebble_N.uasset" to "F:/Unreal/Project00/Content/StarterContent/Textures/T_CobbleStone_Pebble_N.uasset"
[2016.07.31-00.44.14:931][  0]LogPackFactory: Copied "../../../Samples/StarterContent/Content/StarterContent/Textures/T_CobbleStone_Rough_D.uasset" to "F:/Unreal/Project00/Content/StarterContent/Textures/T_CobbleStone_Rough_D.uasset"
[2016.07.31-00.44.14:945][  0]LogPackFactory: Copied "../../../Samples/StarterContent/Content/StarterContent/Textures/T_CobbleStone_Rough_N.uasset" to "F:/Unreal/Project00/Content/StarterContent/Textures/T_CobbleStone_Rough_N.uasset"
[2016.07.31-00.44.14:971][  0]LogPackFactory: Copied "../../../Samples/StarterContent/Content/StarterContent/Textures/T_CobbleStone_Smooth_D.uasset" to "F:/Unreal/Project00/Content/StarterContent/Textures/T_CobbleStone_Smooth_D.uasset"
[2016.07.31-00.44.14:992][  0]LogPackFactory: Copied "../../../Samples/StarterContent/Content/StarterContent/Textures/T_CobbleStone_Smooth_M.uasset" to "F:/Unreal/Project00/Content/StarterContent/Textures/T_CobbleStone_Smooth_M.uasset"
[2016.07.31-00.44.15:022][  0]LogPackFactory: Copied "../../../Samples/StarterContent/Content/StarterContent/Textures/T_CobbleStone_Smooth_N.uasset" to "F:/Unreal/Project00/Content/StarterContent/Textures/T_CobbleStone_Smooth_N.uasset"
[2016.07.31-00.44.15:058][  0]LogPackFactory: Copied "../../../Samples/StarterContent/Content/StarterContent/Textures/T_Concrete_Grime_D.uasset" to "F:/Unreal/Project00/Content/StarterContent/Textures/T_Concrete_Grime_D.uasset"
[2016.07.31-00.44.15:087][  0]LogPackFactory: Copied "../../../Samples/StarterContent/Content/StarterContent/Textures/T_Concrete_Panels_D.uasset" to "F:/Unreal/Project00/Content/StarterContent/Textures/T_Concrete_Panels_D.uasset"
[2016.07.31-00.44.15:112][  0]LogPackFactory: Copied "../../../Samples/StarterContent/Content/StarterContent/Textures/T_Concrete_Panels_N.uasset" to "F:/Unreal/Project00/Content/StarterContent/Textures/T_Concrete_Panels_N.uasset"
[2016.07.31-00.44.15:147][  0]LogPackFactory: Copied "../../../Samples/StarterContent/Content/StarterContent/Textures/T_Concrete_Poured_D.uasset" to "F:/Unreal/Project00/Content/StarterContent/Textures/T_Concrete_Poured_D.uasset"
[2016.07.31-00.44.15:173][  0]LogPackFactory: Copied "../../../Samples/StarterContent/Content/StarterContent/Textures/T_Concrete_Poured_N.uasset" to "F:/Unreal/Project00/Content/StarterContent/Textures/T_Concrete_Poured_N.uasset"
[2016.07.31-00.44.15:193][  0]LogPackFactory: Copied "../../../Samples/StarterContent/Content/StarterContent/Textures/T_Concrete_Tiles_D.uasset" to "F:/Unreal/Project00/Content/StarterContent/Textures/T_Concrete_Tiles_D.uasset"
[2016.07.31-00.44.15:213][  0]LogPackFactory: Copied "../../../Samples/StarterContent/Content/StarterContent/Textures/T_Concrete_Tiles_M.uasset" to "F:/Unreal/Project00/Content/StarterContent/Textures/T_Concrete_Tiles_M.uasset"
[2016.07.31-00.44.15:238][  0]LogPackFactory: Copied "../../../Samples/StarterContent/Content/StarterContent/Textures/T_Concrete_Tiles_N.uasset" to "F:/Unreal/Project00/Content/StarterContent/Textures/T_Concrete_Tiles_N.uasset"
[2016.07.31-00.44.15:241][  0]LogPackFactory: Copied "../../../Samples/StarterContent/Content/StarterContent/Textures/T_Concrete_Tiles_Variation_M.uasset" to "F:/Unreal/Project00/Content/StarterContent/Textures/T_Concrete_Tiles_Variation_M.uasset"
[2016.07.31-00.44.15:256][  0]LogPackFactory: Copied "../../../Samples/StarterContent/Content/StarterContent/Textures/T_Detail_Rocky_N.uasset" to "F:/Unreal/Project00/Content/StarterContent/Textures/T_Detail_Rocky_N.uasset"
[2016.07.31-00.44.15:265][  0]LogPackFactory: Copied "../../../Samples/StarterContent/Content/StarterContent/Textures/T_Door_M.uasset" to "F:/Unreal/Project00/Content/StarterContent/Textures/T_Door_M.uasset"
[2016.07.31-00.44.15:276][  0]LogPackFactory: Copied "../../../Samples/StarterContent/Content/StarterContent/Textures/T_Door_N.uasset" to "F:/Unreal/Project00/Content/StarterContent/Textures/T_Door_N.uasset"
[2016.07.31-00.44.15:281][  0]LogPackFactory: Copied "../../../Samples/StarterContent/Content/StarterContent/Textures/T_Dust_Particle_D.uasset" to "F:/Unreal/Project00/Content/StarterContent/Textures/T_Dust_Particle_D.uasset"
[2016.07.31-00.44.15:296][  0]LogPackFactory: Copied "../../../Samples/StarterContent/Content/StarterContent/Textures/T_Explosion_SubUV.uasset" to "F:/Unreal/Project00/Content/StarterContent/Textures/T_Explosion_SubUV.uasset"
[2016.07.31-00.44.15:304][  0]LogPackFactory: Copied "../../../Samples/StarterContent/Content/StarterContent/Textures/T_Fire_SubUV.uasset" to "F:/Unreal/Project00/Content/StarterContent/Textures/T_Fire_SubUV.uasset"
[2016.07.31-00.44.15:312][  0]LogPackFactory: Copied "../../../Samples/StarterContent/Content/StarterContent/Textures/T_Fire_Tiled_D.uasset" to "F:/Unreal/Project00/Content/StarterContent/Textures/T_Fire_Tiled_D.uasset"
[2016.07.31-00.44.15:320][  0]LogPackFactory: Copied "../../../Samples/StarterContent/Content/StarterContent/Textures/T_Frame_M.uasset" to "F:/Unreal/Project00/Content/StarterContent/Textures/T_Frame_M.uasset"
[2016.07.31-00.44.15:329][  0]LogPackFactory: Copied "../../../Samples/StarterContent/Content/StarterContent/Textures/T_Frame_N.uasset" to "F:/Unreal/Project00/Content/StarterContent/Textures/T_Frame_N.uasset"
[2016.07.31-00.44.15:333][  0]LogPackFactory: Copied "../../../Samples/StarterContent/Content/StarterContent/Textures/T_Gradinet_01.uasset" to "F:/Unreal/Project00/Content/StarterContent/Textures/T_Gradinet_01.uasset"
[2016.07.31-00.44.15:370][  0]LogPackFactory: Copied "../../../Samples/StarterContent/Content/StarterContent/Textures/T_Ground_Grass_D.uasset" to "F:/Unreal/Project00/Content/StarterContent/Textures/T_Ground_Grass_D.uasset"
[2016.07.31-00.44.15:407][  0]LogPackFactory: Copied "../../../Samples/StarterContent/Content/StarterContent/Textures/T_Ground_Grass_N.uasset" to "F:/Unreal/Project00/Content/StarterContent/Textures/T_Ground_Grass_N.uasset"
[2016.07.31-00.44.15:440][  0]LogPackFactory: Copied "../../../Samples/StarterContent/Content/StarterContent/Textures/T_Ground_Gravel_D.uasset" to "F:/Unreal/Project00/Content/StarterContent/Textures/T_Ground_Gravel_D.uasset"
[2016.07.31-00.44.15:465][  0]LogPackFactory: Copied "../../../Samples/StarterContent/Content/StarterContent/Textures/T_Ground_Gravel_N.uasset" to "F:/Unreal/Project00/Content/StarterContent/Textures/T_Ground_Gravel_N.uasset"
[2016.07.31-00.44.15:518][  0]LogPackFactory: Copied "../../../Samples/StarterContent/Content/StarterContent/Textures/T_ground_Moss_D.uasset" to "F:/Unreal/Project00/Content/StarterContent/Textures/T_ground_Moss_D.uasset"
[2016.07.31-00.44.15:579][  0]LogPackFactory: Copied "../../../Samples/StarterContent/Content/StarterContent/Textures/T_Ground_Moss_N.uasset" to "F:/Unreal/Project00/Content/StarterContent/Textures/T_Ground_Moss_N.uasset"
[2016.07.31-00.44.15:600][  0]LogPackFactory: Copied "../../../Samples/StarterContent/Content/StarterContent/Textures/T_Lamp_M.uasset" to "F:/Unreal/Project00/Content/StarterContent/Textures/T_Lamp_M.uasset"
[2016.07.31-00.44.15:633][  0]LogPackFactory: Copied "../../../Samples/StarterContent/Content/StarterContent/Textures/T_Lamp_N.uasset" to "F:/Unreal/Project00/Content/StarterContent/Textures/T_Lamp_N.uasset"
[2016.07.31-00.44.15:673][  0]LogPackFactory: Copied "../../../Samples/StarterContent/Content/StarterContent/Textures/T_MacroVariation.uasset" to "F:/Unreal/Project00/Content/StarterContent/Textures/T_MacroVariation.uasset"
[2016.07.31-00.44.15:708][  0]LogPackFactory: Copied "../../../Samples/StarterContent/Content/StarterContent/Textures/T_Metal_Aluminum_D.uasset" to "F:/Unreal/Project00/Content/StarterContent/Textures/T_Metal_Aluminum_D.uasset"
[2016.07.31-00.44.15:739][  0]LogPackFactory: Copied "../../../Samples/StarterContent/Content/StarterContent/Textures/T_Metal_Copper_D.uasset" to "F:/Unreal/Project00/Content/StarterContent/Textures/T_Metal_Copper_D.uasset"
[2016.07.31-00.44.15:775][  0]LogPackFactory: Copied "../../../Samples/StarterContent/Content/StarterContent/Textures/T_Metal_Gold_D.uasset" to "F:/Unreal/Project00/Content/StarterContent/Textures/T_Metal_Gold_D.uasset"
[2016.07.31-00.44.15:793][  0]LogPackFactory: Copied "../../../Samples/StarterContent/Content/StarterContent/Textures/T_Metal_Gold_N.uasset" to "F:/Unreal/Project00/Content/StarterContent/Textures/T_Metal_Gold_N.uasset"
[2016.07.31-00.44.15:827][  0]LogPackFactory: Copied "../../../Samples/StarterContent/Content/StarterContent/Textures/T_Metal_Rust_D.uasset" to "F:/Unreal/Project00/Content/StarterContent/Textures/T_Metal_Rust_D.uasset"
[2016.07.31-00.44.15:855][  0]LogPackFactory: Copied "../../../Samples/StarterContent/Content/StarterContent/Textures/T_Metal_Rust_N.uasset" to "F:/Unreal/Project00/Content/StarterContent/Textures/T_Metal_Rust_N.uasset"
[2016.07.31-00.44.15:874][  0]LogPackFactory: Copied "../../../Samples/StarterContent/Content/StarterContent/Textures/T_Metal_Steel_D.uasset" to "F:/Unreal/Project00/Content/StarterContent/Textures/T_Metal_Steel_D.uasset"
[2016.07.31-00.44.15:896][  0]LogPackFactory: Copied "../../../Samples/StarterContent/Content/StarterContent/Textures/T_Metal_Steel_N.uasset" to "F:/Unreal/Project00/Content/StarterContent/Textures/T_Metal_Steel_N.uasset"
[2016.07.31-00.44.15:925][  0]LogPackFactory: Copied "../../../Samples/StarterContent/Content/StarterContent/Textures/T_Perlin_Noise_M.uasset" to "F:/Unreal/Project00/Content/StarterContent/Textures/T_Perlin_Noise_M.uasset"
[2016.07.31-00.44.15:943][  0]LogPackFactory: Copied "../../../Samples/StarterContent/Content/StarterContent/Textures/T_RockMesh_M.uasset" to "F:/Unreal/Project00/Content/StarterContent/Textures/T_RockMesh_M.uasset"
[2016.07.31-00.44.15:965][  0]LogPackFactory: Copied "../../../Samples/StarterContent/Content/StarterContent/Textures/T_RockMesh_N.uasset" to "F:/Unreal/Project00/Content/StarterContent/Textures/T_RockMesh_N.uasset"
[2016.07.31-00.44.15:998][  0]LogPackFactory: Copied "../../../Samples/StarterContent/Content/StarterContent/Textures/T_Rock_Basalt_D.uasset" to "F:/Unreal/Project00/Content/StarterContent/Textures/T_Rock_Basalt_D.uasset"
[2016.07.31-00.44.16:028][  0]LogPackFactory: Copied "../../../Samples/StarterContent/Content/StarterContent/Textures/T_Rock_Basalt_N.uasset" to "F:/Unreal/Project00/Content/StarterContent/Textures/T_Rock_Basalt_N.uasset"
[2016.07.31-00.44.16:051][  0]LogPackFactory: Copied "../../../Samples/StarterContent/Content/StarterContent/Textures/T_Rock_Marble_Polished_D.uasset" to "F:/Unreal/Project00/Content/StarterContent/Textures/T_Rock_Marble_Polished_D.uasset"
[2016.07.31-00.44.16:080][  0]LogPackFactory: Copied "../../../Samples/StarterContent/Content/StarterContent/Textures/T_Rock_Sandstone_D.uasset" to "F:/Unreal/Project00/Content/StarterContent/Textures/T_Rock_Sandstone_D.uasset"
[2016.07.31-00.44.16:107][  0]LogPackFactory: Copied "../../../Samples/StarterContent/Content/StarterContent/Textures/T_Rock_Sandstone_N.uasset" to "F:/Unreal/Project00/Content/StarterContent/Textures/T_Rock_Sandstone_N.uasset"
[2016.07.31-00.44.16:145][  0]LogPackFactory: Copied "../../../Samples/StarterContent/Content/StarterContent/Textures/T_Rock_Slate_D.uasset" to "F:/Unreal/Project00/Content/StarterContent/Textures/T_Rock_Slate_D.uasset"
[2016.07.31-00.44.16:174][  0]LogPackFactory: Copied "../../../Samples/StarterContent/Content/StarterContent/Textures/T_Rock_Slate_N.uasset" to "F:/Unreal/Project00/Content/StarterContent/Textures/T_Rock_Slate_N.uasset"
[2016.07.31-00.44.16:203][  0]LogPackFactory: Copied "../../../Samples/StarterContent/Content/StarterContent/Textures/T_Rock_Smooth_Granite_D.uasset" to "F:/Unreal/Project00/Content/StarterContent/Textures/T_Rock_Smooth_Granite_D.uasset"
[2016.07.31-00.44.16:211][  0]LogPackFactory: Copied "../../../Samples/StarterContent/Content/StarterContent/Textures/T_Shelf_M.uasset" to "F:/Unreal/Project00/Content/StarterContent/Textures/T_Shelf_M.uasset"
[2016.07.31-00.44.16:222][  0]LogPackFactory: Copied "../../../Samples/StarterContent/Content/StarterContent/Textures/T_Shelf_N.uasset" to "F:/Unreal/Project00/Content/StarterContent/Textures/T_Shelf_N.uasset"
[2016.07.31-00.44.16:225][  0]LogPackFactory: Copied "../../../Samples/StarterContent/Content/StarterContent/Textures/T_Single_Tile_N.uasset" to "F:/Unreal/Project00/Content/StarterContent/Textures/T_Single_Tile_N.uasset"
[2016.07.31-00.44.16:239][  0]LogPackFactory: Copied "../../../Samples/StarterContent/Content/StarterContent/Textures/T_Smoke_SubUV.uasset" to "F:/Unreal/Project00/Content/StarterContent/Textures/T_Smoke_SubUV.uasset"
[2016.07.31-00.44.16:245][  0]LogPackFactory: Copied "../../../Samples/StarterContent/Content/StarterContent/Textures/T_Smoke_Tiled_D.uasset" to "F:/Unreal/Project00/Content/StarterContent/Textures/T_Smoke_Tiled_D.uasset"
[2016.07.31-00.44.16:251][  0]LogPackFactory: Copied "../../../Samples/StarterContent/Content/StarterContent/Textures/T_Spark_Core.uasset" to "F:/Unreal/Project00/Content/StarterContent/Textures/T_Spark_Core.uasset"
[2016.07.31-00.44.16:259][  0]LogPackFactory: Copied "../../../Samples/StarterContent/Content/StarterContent/Textures/T_Statue_M.uasset" to "F:/Unreal/Project00/Content/StarterContent/Textures/T_Statue_M.uasset"
[2016.07.31-00.44.16:265][  0]LogPackFactory: Copied "../../../Samples/StarterContent/Content/StarterContent/Textures/T_Statue_N.uasset" to "F:/Unreal/Project00/Content/StarterContent/Textures/T_Statue_N.uasset"
[2016.07.31-00.44.16:273][  0]LogPackFactory: Copied "../../../Samples/StarterContent/Content/StarterContent/Textures/T_TableRound_M.uasset" to "F:/Unreal/Project00/Content/StarterContent/Textures/T_TableRound_M.uasset"
[2016.07.31-00.44.16:284][  0]LogPackFactory: Copied "../../../Samples/StarterContent/Content/StarterContent/Textures/T_TableRound_N.uasset" to "F:/Unreal/Project00/Content/StarterContent/Textures/T_TableRound_N.uasset"
[2016.07.31-00.44.16:291][  0]LogPackFactory: Copied "../../../Samples/StarterContent/Content/StarterContent/Textures/T_Tech_Dot_M.uasset" to "F:/Unreal/Project00/Content/StarterContent/Textures/T_Tech_Dot_M.uasset"
[2016.07.31-00.44.16:297][  0]LogPackFactory: Copied "../../../Samples/StarterContent/Content/StarterContent/Textures/T_Tech_Dot_N.uasset" to "F:/Unreal/Project00/Content/StarterContent/Textures/T_Tech_Dot_N.uasset"
[2016.07.31-00.44.16:305][  0]LogPackFactory: Copied "../../../Samples/StarterContent/Content/StarterContent/Textures/T_Tech_Hex_Tile_M.uasset" to "F:/Unreal/Project00/Content/StarterContent/Textures/T_Tech_Hex_Tile_M.uasset"
[2016.07.31-00.44.16:313][  0]LogPackFactory: Copied "../../../Samples/StarterContent/Content/StarterContent/Textures/T_Tech_Hex_Tile_N.uasset" to "F:/Unreal/Project00/Content/StarterContent/Textures/T_Tech_Hex_Tile_N.uasset"
[2016.07.31-00.44.16:322][  0]LogPackFactory: Copied "../../../Samples/StarterContent/Content/StarterContent/Textures/T_Tech_Panel_M.uasset" to "F:/Unreal/Project00/Content/StarterContent/Textures/T_Tech_Panel_M.uasset"
[2016.07.31-00.44.16:332][  0]LogPackFactory: Copied "../../../Samples/StarterContent/Content/StarterContent/Textures/T_Tech_Panel_N.uasset" to "F:/Unreal/Project00/Content/StarterContent/Textures/T_Tech_Panel_N.uasset"
[2016.07.31-00.44.16:344][  0]LogPackFactory: Copied "../../../Samples/StarterContent/Content/StarterContent/Textures/T_Water_M.uasset" to "F:/Unreal/Project00/Content/StarterContent/Textures/T_Water_M.uasset"
[2016.07.31-00.44.16:356][  0]LogPackFactory: Copied "../../../Samples/StarterContent/Content/StarterContent/Textures/T_Water_N.uasset" to "F:/Unreal/Project00/Content/StarterContent/Textures/T_Water_N.uasset"
[2016.07.31-00.44.16:375][  0]LogPackFactory: Copied "../../../Samples/StarterContent/Content/StarterContent/Textures/T_Wood_Floor_Walnut_D.uasset" to "F:/Unreal/Project00/Content/StarterContent/Textures/T_Wood_Floor_Walnut_D.uasset"
[2016.07.31-00.44.16:392][  0]LogPackFactory: Copied "../../../Samples/StarterContent/Content/StarterContent/Textures/T_Wood_Floor_Walnut_M.uasset" to "F:/Unreal/Project00/Content/StarterContent/Textures/T_Wood_Floor_Walnut_M.uasset"
[2016.07.31-00.44.16:405][  0]LogPackFactory: Copied "../../../Samples/StarterContent/Content/StarterContent/Textures/T_Wood_Floor_Walnut_N.uasset" to "F:/Unreal/Project00/Content/StarterContent/Textures/T_Wood_Floor_Walnut_N.uasset"
[2016.07.31-00.44.16:427][  0]LogPackFactory: Copied "../../../Samples/StarterContent/Content/StarterContent/Textures/T_Wood_Oak_D.uasset" to "F:/Unreal/Project00/Content/StarterContent/Textures/T_Wood_Oak_D.uasset"
[2016.07.31-00.44.16:448][  0]LogPackFactory: Copied "../../../Samples/StarterContent/Content/StarterContent/Textures/T_Wood_Oak_N.uasset" to "F:/Unreal/Project00/Content/StarterContent/Textures/T_Wood_Oak_N.uasset"
[2016.07.31-00.44.16:479][  0]LogPackFactory: Copied "../../../Samples/StarterContent/Content/StarterContent/Textures/T_Wood_Pine_D.uasset" to "F:/Unreal/Project00/Content/StarterContent/Textures/T_Wood_Pine_D.uasset"
[2016.07.31-00.44.16:493][  0]LogPackFactory: Copied "../../../Samples/StarterContent/Content/StarterContent/Textures/T_Wood_Pine_N.uasset" to "F:/Unreal/Project00/Content/StarterContent/Textures/T_Wood_Pine_N.uasset"
[2016.07.31-00.44.16:515][  0]LogPackFactory: Copied "../../../Samples/StarterContent/Content/StarterContent/Textures/T_Wood_Walnut_D.uasset" to "F:/Unreal/Project00/Content/StarterContent/Textures/T_Wood_Walnut_D.uasset"
[2016.07.31-00.44.16:531][  0]LogPackFactory: Copied "../../../Samples/StarterContent/Content/StarterContent/Textures/T_Wood_Walnut_N.uasset" to "F:/Unreal/Project00/Content/StarterContent/Textures/T_Wood_Walnut_N.uasset"
[2016.07.31-00.44.16:613][  0]LogRenderer: Reallocating scene render targets to support 256x256 (Frame:2).
[2016.07.31-00.44.16:674][  0]Cmd: OBJ SAVEPACKAGE PACKAGE="/Game/StarterContent/Architecture/Floor_400x400" FILE="F:/Unreal/Project00/Content/StarterContent/Architecture/Floor_400x400.uasset" SILENT=true
[2016.07.31-00.44.16:691][  0]LogSavePackage: Save=12.75ms
[2016.07.31-00.44.16:691][  0]LogSavePackage: Moving 'F:/Unreal/Project00/Saved/Floor_400x40053DC8F484B3DCF5053C3EA924603C69D.tmp' to 'F:/Unreal/Project00/Content/StarterContent/Architecture/Floor_400x400.uasset'
[2016.07.31-00.44.16:693][  0]LogSavePackage: Total save time: 18.74ms
[2016.07.31-00.44.16:693][  0]LogSavePackage:Display: Finished SavePackage F:/Unreal/Project00/Content/StarterContent/Architecture/Floor_400x400.uasset
[2016.07.31-00.44.16:693][  0]LogFeaturePack:Warning: Inserted 1 feature packs
[2016.07.31-00.44.16:694][  0]Cmd: MAP LOAD FILE="F:/Unreal/Project00/Content/StarterContent/Maps/Minimal_Default.umap" TEMPLATE=0 SHOWPROGRESS=1 FEATURELEVEL=3
[2016.07.31-00.44.16:695][  0]LightingResults: New page: Lighting Build
[2016.07.31-00.44.16:697][  0]MapCheck: New page: Map Check
[2016.07.31-00.44.16:697][  0]LightingResults: New page: Lighting Build
[2016.07.31-00.44.16:835][  0]LogTexture:Display: Building textures: LQ_Lightmap_1_1 (DXT1)
[2016.07.31-00.44.16:864][  0]LogTexture:Display: Building textures: LQ_Lightmap_1_2 (DXT1)
[2016.07.31-00.44.17:020][  0]LogAIModule: Creating AISystem for world Minimal_Default
[2016.07.31-00.44.17:030][  0]LogEditorServer: Finished looking for orphan Actors (0.000 secs)
[2016.07.31-00.44.17:031][  0]Cmd: MAP CHECKDEP NOCLEARLOG
[2016.07.31-00.44.17:058][  0]MapCheck: Info Map check complete: 0 Error(s), 0 Warning(s), took 26.518ms to complete.
[2016.07.31-00.44.17:058][  0]LogFileHelpers: Loading map 'Minimal_Default' took 0.363
[2016.07.31-00.44.17:142][  0]LogCollectionManager: Loaded 0 collections in 0.001213 seconds
[2016.07.31-00.44.17:204][  0]LogFileCache: Scanning file cache for directory 'F:/Unreal/Project00/Saved/Collections/' took 0.01s
[2016.07.31-00.44.17:204][  0]LogFileCache: Scanning file cache for directory 'F:/Unreal/Project00/Content/Developers/Nate/Collections/' took 0.01s
[2016.07.31-00.44.17:204][  0]LogFileCache: Scanning file cache for directory 'F:/Unreal/Project00/Content/Collections/' took 0.01s
[2